	.text
	.syntax unified
	.eabi_attribute	67, "2.09"	@ Tag_conformance
	.cpu	cortex-m33
	.eabi_attribute	6, 17	@ Tag_CPU_arch
	.eabi_attribute	7, 77	@ Tag_CPU_arch_profile
	.eabi_attribute	8, 0	@ Tag_ARM_ISA_use
	.eabi_attribute	9, 3	@ Tag_THUMB_ISA_use
	.fpu	fpv5-sp-d16
	.eabi_attribute	27, 1	@ Tag_ABI_HardFP_use
	.eabi_attribute	36, 1	@ Tag_FP_HP_extension
	.eabi_attribute	34, 1	@ Tag_CPU_unaligned_access
	.eabi_attribute	17, 1	@ Tag_ABI_PCS_GOT_use
	.eabi_attribute	20, 2	@ Tag_ABI_FP_denormal
	.eabi_attribute	21, 0	@ Tag_ABI_FP_exceptions
	.eabi_attribute	23, 1	@ Tag_ABI_FP_number_model
	.eabi_attribute	24, 1	@ Tag_ABI_align_needed
	.eabi_attribute	25, 1	@ Tag_ABI_align_preserved
	.eabi_attribute	28, 1	@ Tag_ABI_VFP_args
	.eabi_attribute	38, 1	@ Tag_ABI_FP_16bit_format
	.eabi_attribute	18, 2	@ Tag_ABI_PCS_wchar_t
	.eabi_attribute	26, 1	@ Tag_ABI_enum_size
	.eabi_attribute	14, 0	@ Tag_ABI_PCS_R9_use
	.file	"dac_driver.c"
	.section	.text.dac_gpion_init,"ax",%progbits
	.hidden	dac_gpion_init                  @ -- Begin function dac_gpion_init
	.globl	dac_gpion_init
	.p2align	2
	.type	dac_gpion_init,%function
	.code	16                              @ @dac_gpion_init
	.thumb_func
dac_gpion_init:
	.fnstart
	.cfi_sections .debug_frame
	.cfi_startproc
@ %bb.0:
	.save	{r7, lr}
	push	{r7, lr}
	.cfi_def_cfa_offset 8
	.cfi_offset lr, -4
	.cfi_offset r7, -8
	.pad	#24
	sub	sp, #24
	.cfi_def_cfa_offset 32
	mov.w	r0, #1207959552
	str	r0, [sp, #12]                   @ 4-byte Spill
	movs	r1, #3
	str	r1, [sp, #16]                   @ 4-byte Spill
	movs	r2, #2
	movs	r3, #64
	bl	gpio_mode_set
	ldr	r0, [sp, #12]                   @ 4-byte Reload
	ldr	r1, [sp, #16]                   @ 4-byte Reload
	movs	r2, #0
	str	r2, [sp, #20]                   @ 4-byte Spill
	movs	r3, #16
	str	r3, [sp]                        @ 4-byte Spill
	bl	gpio_mode_set
	ldr	r3, [sp]                        @ 4-byte Reload
	ldr	r1, [sp, #16]                   @ 4-byte Reload
	ldr	r2, [sp, #20]                   @ 4-byte Reload
	movw	r0, #2048
	movt	r0, #18432
	str	r0, [sp, #4]                    @ 4-byte Spill
	bl	gpio_mode_set
	ldr	r0, [sp, #12]                   @ 4-byte Reload
	ldr	r1, [sp, #16]                   @ 4-byte Reload
	ldr	r2, [sp, #20]                   @ 4-byte Reload
	movs	r3, #32
	str	r3, [sp, #8]                    @ 4-byte Spill
	bl	gpio_mode_set
	ldr	r0, [sp, #4]                    @ 4-byte Reload
	ldr	r3, [sp, #8]                    @ 4-byte Reload
	ldr	r1, [sp, #16]                   @ 4-byte Reload
	ldr	r2, [sp, #20]                   @ 4-byte Reload
	bl	gpio_mode_set
	ldr	r0, [sp, #12]                   @ 4-byte Reload
	ldr	r1, [sp, #16]                   @ 4-byte Reload
	ldr	r2, [sp, #20]                   @ 4-byte Reload
	movs	r3, #128
	bl	gpio_mode_set
	add	sp, #24
	pop	{r7, pc}
.Lfunc_end0:
	.size	dac_gpion_init, .Lfunc_end0-dac_gpion_init
	.cfi_endproc
	.cantunwind
	.fnend
                                        @ -- End function
	.section	.text.dac_periph_config,"ax",%progbits
	.hidden	dac_periph_config               @ -- Begin function dac_periph_config
	.globl	dac_periph_config
	.p2align	2
	.type	dac_periph_config,%function
	.code	16                              @ @dac_periph_config
	.thumb_func
dac_periph_config:
	.fnstart
	.cfi_startproc
@ %bb.0:
	.save	{r7, lr}
	push	{r7, lr}
	.cfi_def_cfa_offset 8
	.cfi_offset lr, -4
	.cfi_offset r7, -8
	.pad	#24
	sub	sp, #24
	.cfi_def_cfa_offset 32
	movw	r0, #52224
	movt	r0, #16384
	str	r0, [sp, #4]                    @ 4-byte Spill
	bl	dac_deinit
	ldr	r0, [sp, #4]                    @ 4-byte Reload
	movs	r1, #0
	str	r1, [sp, #20]                   @ 4-byte Spill
	movs	r2, #56
	str	r2, [sp, #12]                   @ 4-byte Spill
	bl	dac_trigger_source_config
	ldr	r0, [sp, #4]                    @ 4-byte Reload
	ldr	r1, [sp, #20]                   @ 4-byte Reload
	bl	dac_trigger_disable
	ldr	r0, [sp, #4]                    @ 4-byte Reload
	ldr	r1, [sp, #20]                   @ 4-byte Reload
	bl	dac_output_buffer_enable
	ldr	r0, [sp, #4]                    @ 4-byte Reload
	ldr	r1, [sp, #20]                   @ 4-byte Reload
	bl	dac_enable
	movw	r0, #29696
	movt	r0, #16384
	str	r0, [sp]                        @ 4-byte Spill
	bl	dac_deinit
	ldr	r0, [sp]                        @ 4-byte Reload
	ldr	r2, [sp, #12]                   @ 4-byte Reload
	ldr	r1, [sp, #20]                   @ 4-byte Reload
	bl	dac_trigger_source_config
	ldr	r0, [sp]                        @ 4-byte Reload
	ldr	r1, [sp, #20]                   @ 4-byte Reload
	bl	dac_output_buffer_disable
	ldr	r0, [sp]                        @ 4-byte Reload
	ldr	r1, [sp, #20]                   @ 4-byte Reload
	bl	dac_enable
	ldr	r0, [sp]                        @ 4-byte Reload
	ldr	r1, [sp, #20]                   @ 4-byte Reload
	bl	dac_software_trigger_enable
	ldr	r0, [sp]                        @ 4-byte Reload
	ldr	r2, [sp, #12]                   @ 4-byte Reload
	movs	r1, #1
	str	r1, [sp, #8]                    @ 4-byte Spill
	bl	dac_trigger_source_config
	ldr	r0, [sp]                        @ 4-byte Reload
	ldr	r1, [sp, #8]                    @ 4-byte Reload
	bl	dac_output_buffer_disable
	ldr	r0, [sp]                        @ 4-byte Reload
	ldr	r1, [sp, #8]                    @ 4-byte Reload
	bl	dac_enable
	ldr	r0, [sp]                        @ 4-byte Reload
	ldr	r1, [sp, #8]                    @ 4-byte Reload
	bl	dac_software_trigger_enable
	ldr	r0, [sp, #4]                    @ 4-byte Reload
	ldr	r1, [sp, #8]                    @ 4-byte Reload
	ldr	r2, [sp, #12]                   @ 4-byte Reload
	bl	dac_trigger_source_config
	ldr	r0, [sp, #4]                    @ 4-byte Reload
	ldr	r1, [sp, #8]                    @ 4-byte Reload
	bl	dac_output_buffer_disable
	ldr	r0, [sp, #4]                    @ 4-byte Reload
	ldr	r1, [sp, #8]                    @ 4-byte Reload
	bl	dac_enable
	ldr	r0, [sp, #4]                    @ 4-byte Reload
	ldr	r1, [sp, #8]                    @ 4-byte Reload
	bl	dac_software_trigger_enable
	movw	r0, #53248
	movt	r0, #16384
	str	r0, [sp, #16]                   @ 4-byte Spill
	bl	dac_deinit
	ldr	r1, [sp, #8]                    @ 4-byte Reload
	ldr	r2, [sp, #12]                   @ 4-byte Reload
	ldr	r0, [sp, #16]                   @ 4-byte Reload
	bl	dac_trigger_source_config
	ldr	r1, [sp, #8]                    @ 4-byte Reload
	ldr	r0, [sp, #16]                   @ 4-byte Reload
	bl	dac_output_buffer_disable
	ldr	r1, [sp, #8]                    @ 4-byte Reload
	ldr	r0, [sp, #16]                   @ 4-byte Reload
	bl	dac_enable
	ldr	r1, [sp, #8]                    @ 4-byte Reload
	ldr	r0, [sp, #16]                   @ 4-byte Reload
	bl	dac_software_trigger_enable
	ldr	r2, [sp, #12]                   @ 4-byte Reload
	ldr	r0, [sp, #16]                   @ 4-byte Reload
	ldr	r1, [sp, #20]                   @ 4-byte Reload
	bl	dac_trigger_source_config
	ldr	r0, [sp, #16]                   @ 4-byte Reload
	ldr	r1, [sp, #20]                   @ 4-byte Reload
	bl	dac_output_buffer_disable
	ldr	r0, [sp, #16]                   @ 4-byte Reload
	ldr	r1, [sp, #20]                   @ 4-byte Reload
	bl	dac_enable
	ldr	r0, [sp, #16]                   @ 4-byte Reload
	ldr	r1, [sp, #20]                   @ 4-byte Reload
	bl	dac_software_trigger_enable
	add	sp, #24
	pop	{r7, pc}
.Lfunc_end1:
	.size	dac_periph_config, .Lfunc_end1-dac_periph_config
	.cfi_endproc
	.cantunwind
	.fnend
                                        @ -- End function
	.ident	"Component: Arm Compiler for Embedded 6.19 Tool: armclang [5e73cb00]"
	.section	".note.GNU-stack","",%progbits
	.eabi_attribute	30, 6	@ Tag_ABI_optimization_goals
	.ARM_attribute	16, 1	@ Tag_AV_eba
